   ▲ Next.js 15.5.6 (Turbopack)
   - Local:        http://localhost:3000
   - Network:      http://172.16.101.242:3000
   - Environments: .env.local

 ✓ Starting...
 ✓ Compiled middleware in 141ms
 ✓ Ready in 1043ms
 ✓ Compiled middleware in 1ms
 ✓ Compiled middleware in 2ms
 ✓ Compiled middleware in 1ms
 ✓ Compiled middleware in 1ms
 ○ Compiling / ...
Error: Cannot apply unknown utility class `sm:px-6`. Are you using CSS modules or similar and missing `@reference`? https://tailwindcss.com/docs/functions-and-directives#reference-directive
    [2m[at onInvalidCandidate (/Users/rishabhbansal/Documents/GitHub/hands-off-your-keyboard/node_modules/tailwindcss/dist/lib.js:18:1332)][0m
    [2m[at ge (/Users/rishabhbansal/Documents/GitHub/hands-off-your-keyboard/node_modules/tailwindcss/dist/lib.js:13:30017)][0m
    [2m[at /Users/rishabhbansal/Documents/GitHub/hands-off-your-keyboard/node_modules/tailwindcss/dist/lib.js:18:373][0m
    [2m[at L (/Users/rishabhbansal/Documents/GitHub/hands-off-your-keyboard/node_modules/tailwindcss/dist/lib.js:3:1656)][0m
    [2m[at Ie (/Users/rishabhbansal/Documents/GitHub/hands-off-your-keyboard/node_modules/tailwindcss/dist/lib.js:18:172)][0m
    [2m[at xi (/Users/rishabhbansal/Documents/GitHub/hands-off-your-keyboard/node_modules/tailwindcss/dist/lib.js:37:294)][0m
    [2m[at process.processTicksAndRejections (node:internal/process/task_queues:105:5)][0m
    [2m[at async Ai (/Users/rishabhbansal/Documents/GitHub/hands-off-your-keyboard/node_modules/tailwindcss/dist/lib.js:37:637)][0m
    [2m[at async Ur (/Users/rishabhbansal/Documents/GitHub/hands-off-your-keyboard/node_modules/@tailwindcss/node/dist/index.js:10:3384)][0m
    [2m[at async ue (/Users/rishabhbansal/Documents/GitHub/hands-off-your-keyboard/node_modules/@tailwindcss/postcss/dist/index.js:10:3981)][0m
 ✓ Compiled / in 1416ms
 ⨯ ./app/globals.css
Error evaluating Node.js code
CssSyntaxError: tailwindcss: /Users/rishabhbansal/Documents/GitHub/hands-off-your-keyboard/app/globals.css:1:1: Cannot apply unknown utility class `sm:px-6`. Are you using CSS modules or similar and missing `@reference`? https://tailwindcss.com/docs/functions-and-directives#reference-directive
    [at Input.error (turbopack:///[project]/node_modules/postcss/lib/input.js:135:16)]
    [at Root.error (turbopack:///[project]/node_modules/postcss/lib/node.js:146:32)]
    [at Object.Once (/Users/rishabhbansal/Documents/GitHub/hands-off-your-keyboard/node_modules/@tailwindcss/postcss/dist/index.js:10:6913)]
    [at process.processTicksAndRejections (node:internal/process/task_queues:105:5)]
    [at async LazyResult.runAsync (turbopack:///[project]/node_modules/postcss/lib/lazy-result.js:293:11)]
    [at async transform (turbopack:///[turbopack-node]/transforms/postcss.ts:70:34)]
    [at async run (turbopack:///[turbopack-node]/ipc/evaluate.ts:92:23)]

Import trace:
  Client Component Browser:
    ./app/globals.css [Client Component Browser]
    ./app/layout.tsx [Server Component]


 ○ Compiling /_error ...
 ✓ Compiled /_error in 568ms
 GET / 500 in 2116ms
Error: Cannot apply unknown utility class `max-w-6xl`. Are you using CSS modules or similar and missing `@reference`? https://tailwindcss.com/docs/functions-and-directives#reference-directive
    [2m[at onInvalidCandidate (/Users/rishabhbansal/Documents/GitHub/hands-off-your-keyboard/node_modules/tailwindcss/dist/lib.js:18:1332)][0m
    [2m[at ge (/Users/rishabhbansal/Documents/GitHub/hands-off-your-keyboard/node_modules/tailwindcss/dist/lib.js:13:30343)][0m
    [2m[at /Users/rishabhbansal/Documents/GitHub/hands-off-your-keyboard/node_modules/tailwindcss/dist/lib.js:18:373][0m
    [2m[at L (/Users/rishabhbansal/Documents/GitHub/hands-off-your-keyboard/node_modules/tailwindcss/dist/lib.js:3:1656)][0m
    [2m[at Ie (/Users/rishabhbansal/Documents/GitHub/hands-off-your-keyboard/node_modules/tailwindcss/dist/lib.js:18:172)][0m
    [2m[at xi (/Users/rishabhbansal/Documents/GitHub/hands-off-your-keyboard/node_modules/tailwindcss/dist/lib.js:37:294)][0m
    [2m[at process.processTicksAndRejections (node:internal/process/task_queues:105:5)][0m
    [2m[at async Ai (/Users/rishabhbansal/Documents/GitHub/hands-off-your-keyboard/node_modules/tailwindcss/dist/lib.js:37:637)][0m
    [2m[at async Ur (/Users/rishabhbansal/Documents/GitHub/hands-off-your-keyboard/node_modules/@tailwindcss/node/dist/index.js:10:3384)][0m
    [2m[at async ue (/Users/rishabhbansal/Documents/GitHub/hands-off-your-keyboard/node_modules/@tailwindcss/postcss/dist/index.js:10:3981)][0m
Error: Cannot apply unknown utility class `text-white`. Are you using CSS modules or similar and missing `@reference`? https://tailwindcss.com/docs/functions-and-directives#reference-directive
    [2m[at onInvalidCandidate (/Users/rishabhbansal/Documents/GitHub/hands-off-your-keyboard/node_modules/tailwindcss/dist/lib.js:18:1332)][0m
    [2m[at ge (/Users/rishabhbansal/Documents/GitHub/hands-off-your-keyboard/node_modules/tailwindcss/dist/lib.js:13:30343)][0m
    [2m[at /Users/rishabhbansal/Documents/GitHub/hands-off-your-keyboard/node_modules/tailwindcss/dist/lib.js:18:373][0m
    [2m[at L (/Users/rishabhbansal/Documents/GitHub/hands-off-your-keyboard/node_modules/tailwindcss/dist/lib.js:3:1656)][0m
    [2m[at Ie (/Users/rishabhbansal/Documents/GitHub/hands-off-your-keyboard/node_modules/tailwindcss/dist/lib.js:18:172)][0m
    [2m[at xi (/Users/rishabhbansal/Documents/GitHub/hands-off-your-keyboard/node_modules/tailwindcss/dist/lib.js:37:294)][0m
    [2m[at process.processTicksAndRejections (node:internal/process/task_queues:105:5)][0m
    [2m[at async Ai (/Users/rishabhbansal/Documents/GitHub/hands-off-your-keyboard/node_modules/tailwindcss/dist/lib.js:37:637)][0m
    [2m[at async Ur (/Users/rishabhbansal/Documents/GitHub/hands-off-your-keyboard/node_modules/@tailwindcss/node/dist/index.js:10:3384)][0m
    [2m[at async ue (/Users/rishabhbansal/Documents/GitHub/hands-off-your-keyboard/node_modules/@tailwindcss/postcss/dist/index.js:10:3981)][0m
Error: Cannot apply unknown utility class `py-8`. Are you using CSS modules or similar and missing `@reference`? https://tailwindcss.com/docs/functions-and-directives#reference-directive
    [2m[at onInvalidCandidate (/Users/rishabhbansal/Documents/GitHub/hands-off-your-keyboard/node_modules/tailwindcss/dist/lib.js:18:1332)][0m
    [2m[at ge (/Users/rishabhbansal/Documents/GitHub/hands-off-your-keyboard/node_modules/tailwindcss/dist/lib.js:13:30343)][0m
    [2m[at /Users/rishabhbansal/Documents/GitHub/hands-off-your-keyboard/node_modules/tailwindcss/dist/lib.js:18:373][0m
    [2m[at L (/Users/rishabhbansal/Documents/GitHub/hands-off-your-keyboard/node_modules/tailwindcss/dist/lib.js:3:1656)][0m
    [2m[at Ie (/Users/rishabhbansal/Documents/GitHub/hands-off-your-keyboard/node_modules/tailwindcss/dist/lib.js:18:172)][0m
    [2m[at xi (/Users/rishabhbansal/Documents/GitHub/hands-off-your-keyboard/node_modules/tailwindcss/dist/lib.js:37:294)][0m
    [2m[at process.processTicksAndRejections (node:internal/process/task_queues:105:5)][0m
    [2m[at async Ai (/Users/rishabhbansal/Documents/GitHub/hands-off-your-keyboard/node_modules/tailwindcss/dist/lib.js:37:637)][0m
    [2m[at async Ur (/Users/rishabhbansal/Documents/GitHub/hands-off-your-keyboard/node_modules/@tailwindcss/node/dist/index.js:10:3384)][0m
    [2m[at async ue (/Users/rishabhbansal/Documents/GitHub/hands-off-your-keyboard/node_modules/@tailwindcss/postcss/dist/index.js:10:3981)][0m
Error: Cannot apply unknown utility class `bg-white`. Are you using CSS modules or similar and missing `@reference`? https://tailwindcss.com/docs/functions-and-directives#reference-directive
    [2m[at onInvalidCandidate (/Users/rishabhbansal/Documents/GitHub/hands-off-your-keyboard/node_modules/tailwindcss/dist/lib.js:18:1332)][0m
    [2m[at ge (/Users/rishabhbansal/Documents/GitHub/hands-off-your-keyboard/node_modules/tailwindcss/dist/lib.js:13:30343)][0m
    [2m[at /Users/rishabhbansal/Documents/GitHub/hands-off-your-keyboard/node_modules/tailwindcss/dist/lib.js:18:373][0m
    [2m[at L (/Users/rishabhbansal/Documents/GitHub/hands-off-your-keyboard/node_modules/tailwindcss/dist/lib.js:3:1656)][0m
    [2m[at Ie (/Users/rishabhbansal/Documents/GitHub/hands-off-your-keyboard/node_modules/tailwindcss/dist/lib.js:18:172)][0m
    [2m[at xi (/Users/rishabhbansal/Documents/GitHub/hands-off-your-keyboard/node_modules/tailwindcss/dist/lib.js:37:294)][0m
    [2m[at process.processTicksAndRejections (node:internal/process/task_queues:105:5)][0m
    [2m[at async Ai (/Users/rishabhbansal/Documents/GitHub/hands-off-your-keyboard/node_modules/tailwindcss/dist/lib.js:37:637)][0m
    [2m[at async Ur (/Users/rishabhbansal/Documents/GitHub/hands-off-your-keyboard/node_modules/@tailwindcss/node/dist/index.js:10:3384)][0m
    [2m[at async ue (/Users/rishabhbansal/Documents/GitHub/hands-off-your-keyboard/node_modules/@tailwindcss/postcss/dist/index.js:10:3981)][0m
 ✓ Compiled in 470ms
 ✓ Compiled in 526ms
 ✓ Compiled middleware in 1ms
 ✓ Compiled middleware in 2ms
